{"/Users/I741493/Desktop/BTP Curs/incident-management/srv/services.js": {"path":"/Users/I741493/Desktop/BTP Curs/incident-management/srv/services.js","statementMap":{"0":{"start":{"line":1,"column":12},"end":{"line":1,"column":31}},"1":{"start":{"line":7,"column":4},"end":{"line":7,"column":68}},"2":{"start":{"line":7,"column":48},"end":{"line":7,"column":66}},"3":{"start":{"line":8,"column":4},"end":{"line":10,"column":6}},"4":{"start":{"line":9,"column":6},"end":{"line":9,"column":46}},"5":{"start":{"line":11,"column":4},"end":{"line":11,"column":68}},"6":{"start":{"line":11,"column":42},"end":{"line":11,"column":66}},"7":{"start":{"line":12,"column":4},"end":{"line":14,"column":6}},"8":{"start":{"line":13,"column":6},"end":{"line":13,"column":37}},"9":{"start":{"line":15,"column":4},"end":{"line":15,"column":63}},"10":{"start":{"line":16,"column":4},"end":{"line":16,"column":63}},"11":{"start":{"line":18,"column":4},"end":{"line":18,"column":24}},"12":{"start":{"line":22,"column":26},"end":{"line":22,"column":39}},"13":{"start":{"line":23,"column":26},"end":{"line":23,"column":46}},"14":{"start":{"line":24,"column":19},"end":{"line":24,"column":31}},"15":{"start":{"line":25,"column":32},"end":{"line":25,"column":59}},"16":{"start":{"line":26,"column":4},"end":{"line":56,"column":5}},"17":{"start":{"line":31,"column":6},"end":{"line":31,"column":51}},"18":{"start":{"line":33,"column":23},"end":{"line":47,"column":8}},"19":{"start":{"line":35,"column":10},"end":{"line":44,"column":15}},"20":{"start":{"line":37,"column":14},"end":{"line":43,"column":19}},"21":{"start":{"line":39,"column":18},"end":{"line":39,"column":34}},"22":{"start":{"line":42,"column":18},"end":{"line":42,"column":39}},"23":{"start":{"line":49,"column":6},"end":{"line":55,"column":7}},"24":{"start":{"line":50,"column":8},"end":{"line":50,"column":64}},"25":{"start":{"line":51,"column":8},"end":{"line":51,"column":70}},"26":{"start":{"line":52,"column":8},"end":{"line":52,"column":34}},"27":{"start":{"line":53,"column":8},"end":{"line":53,"column":29}},"28":{"start":{"line":54,"column":8},"end":{"line":54,"column":55}},"29":{"start":{"line":57,"column":4},"end":{"line":57,"column":18}},"30":{"start":{"line":61,"column":4},"end":{"line":61,"column":61}},"31":{"start":{"line":62,"column":16},"end":{"line":62,"column":56}},"32":{"start":{"line":63,"column":17},"end":{"line":63,"column":56}},"33":{"start":{"line":65,"column":32},"end":{"line":65,"column":59}},"34":{"start":{"line":80,"column":17},"end":{"line":91,"column":6}},"35":{"start":{"line":82,"column":8},"end":{"line":88,"column":13}},"36":{"start":{"line":84,"column":12},"end":{"line":87,"column":17}},"37":{"start":{"line":86,"column":16},"end":{"line":86,"column":32}},"38":{"start":{"line":93,"column":4},"end":{"line":97,"column":8}},"39":{"start":{"line":93,"column":33},"end":{"line":97,"column":5}},"40":{"start":{"line":100,"column":4},"end":{"line":100,"column":25}},"41":{"start":{"line":101,"column":4},"end":{"line":101,"column":40}},"42":{"start":{"line":102,"column":4},"end":{"line":102,"column":18}},"43":{"start":{"line":106,"column":4},"end":{"line":113,"column":5}},"44":{"start":{"line":107,"column":24},"end":{"line":107,"column":59}},"45":{"start":{"line":108,"column":6},"end":{"line":112,"column":9}},"46":{"start":{"line":109,"column":8},"end":{"line":111,"column":9}},"47":{"start":{"line":110,"column":10},"end":{"line":110,"column":58}},"48":{"start":{"line":118,"column":28},"end":{"line":121,"column":32}},"49":{"start":{"line":120,"column":13},"end":{"line":120,"column":26}},"50":{"start":{"line":122,"column":4},"end":{"line":123,"column":58}},"51":{"start":{"line":123,"column":6},"end":{"line":123,"column":58}},"52":{"start":{"line":126,"column":0},"end":{"line":126,"column":38}}},"fnMap":{"0":{"name":"(anonymous_0)","decl":{"start":{"line":5,"column":2},"end":{"line":5,"column":3}},"loc":{"start":{"line":5,"column":15},"end":{"line":19,"column":3}},"line":5},"1":{"name":"(anonymous_1)","decl":{"start":{"line":7,"column":39},"end":{"line":7,"column":40}},"loc":{"start":{"line":7,"column":48},"end":{"line":7,"column":66}},"line":7},"2":{"name":"(anonymous_2)","decl":{"start":{"line":8,"column":39},"end":{"line":8,"column":40}},"loc":{"start":{"line":9,"column":6},"end":{"line":9,"column":46}},"line":9},"3":{"name":"(anonymous_3)","decl":{"start":{"line":11,"column":33},"end":{"line":11,"column":34}},"loc":{"start":{"line":11,"column":42},"end":{"line":11,"column":66}},"line":11},"4":{"name":"(anonymous_4)","decl":{"start":{"line":12,"column":47},"end":{"line":12,"column":48}},"loc":{"start":{"line":13,"column":6},"end":{"line":13,"column":37}},"line":13},"5":{"name":"(anonymous_5)","decl":{"start":{"line":21,"column":2},"end":{"line":21,"column":3}},"loc":{"start":{"line":21,"column":35},"end":{"line":58,"column":3}},"line":21},"6":{"name":"(anonymous_6)","decl":{"start":{"line":34,"column":43},"end":{"line":34,"column":44}},"loc":{"start":{"line":34,"column":51},"end":{"line":45,"column":9}},"line":34},"7":{"name":"(anonymous_7)","decl":{"start":{"line":36,"column":25},"end":{"line":36,"column":26}},"loc":{"start":{"line":36,"column":38},"end":{"line":44,"column":13}},"line":36},"8":{"name":"(anonymous_8)","decl":{"start":{"line":38,"column":30},"end":{"line":38,"column":31}},"loc":{"start":{"line":38,"column":42},"end":{"line":40,"column":17}},"line":38},"9":{"name":"(anonymous_9)","decl":{"start":{"line":41,"column":36},"end":{"line":41,"column":37}},"loc":{"start":{"line":41,"column":53},"end":{"line":43,"column":17}},"line":41},"10":{"name":"(anonymous_10)","decl":{"start":{"line":60,"column":2},"end":{"line":60,"column":3}},"loc":{"start":{"line":60,"column":28},"end":{"line":103,"column":3}},"line":60},"11":{"name":"(anonymous_11)","decl":{"start":{"line":81,"column":42},"end":{"line":81,"column":43}},"loc":{"start":{"line":81,"column":50},"end":{"line":89,"column":7}},"line":81},"12":{"name":"(anonymous_12)","decl":{"start":{"line":83,"column":23},"end":{"line":83,"column":24}},"loc":{"start":{"line":83,"column":36},"end":{"line":88,"column":11}},"line":83},"13":{"name":"(anonymous_13)","decl":{"start":{"line":85,"column":28},"end":{"line":85,"column":29}},"loc":{"start":{"line":85,"column":40},"end":{"line":87,"column":15}},"line":85},"14":{"name":"(anonymous_14)","decl":{"start":{"line":93,"column":24},"end":{"line":93,"column":25}},"loc":{"start":{"line":93,"column":33},"end":{"line":97,"column":5}},"line":93},"15":{"name":"(anonymous_15)","decl":{"start":{"line":105,"column":2},"end":{"line":105,"column":3}},"loc":{"start":{"line":105,"column":34},"end":{"line":114,"column":3}},"line":105},"16":{"name":"(anonymous_16)","decl":{"start":{"line":108,"column":24},"end":{"line":108,"column":25}},"loc":{"start":{"line":108,"column":38},"end":{"line":112,"column":7}},"line":108},"17":{"name":"(anonymous_17)","decl":{"start":{"line":117,"column":2},"end":{"line":117,"column":3}},"loc":{"start":{"line":117,"column":22},"end":{"line":124,"column":3}},"line":117},"18":{"name":"(anonymous_18)","decl":{"start":{"line":120,"column":6},"end":{"line":120,"column":7}},"loc":{"start":{"line":120,"column":13},"end":{"line":120,"column":26}},"line":120}},"branchMap":{"0":{"loc":{"start":{"line":26,"column":4},"end":{"line":56,"column":5}},"type":"if","locations":[{"start":{"line":26,"column":4},"end":{"line":56,"column":5}},{"start":{},"end":{}}],"line":26},"1":{"loc":{"start":{"line":27,"column":6},"end":{"line":29,"column":54}},"type":"binary-expr","locations":[{"start":{"line":27,"column":6},"end":{"line":27,"column":19}},{"start":{"line":28,"column":6},"end":{"line":28,"column":26}},{"start":{"line":29,"column":7},"end":{"line":29,"column":28}},{"start":{"line":29,"column":32},"end":{"line":29,"column":53}}],"line":27},"2":{"loc":{"start":{"line":49,"column":6},"end":{"line":55,"column":7}},"type":"if","locations":[{"start":{"line":49,"column":6},"end":{"line":55,"column":7}},{"start":{},"end":{}}],"line":49},"3":{"loc":{"start":{"line":62,"column":16},"end":{"line":62,"column":56}},"type":"binary-expr","locations":[{"start":{"line":62,"column":16},"end":{"line":62,"column":49}},{"start":{"line":62,"column":53},"end":{"line":62,"column":56}}],"line":62},"4":{"loc":{"start":{"line":63,"column":17},"end":{"line":63,"column":56}},"type":"binary-expr","locations":[{"start":{"line":63,"column":17},"end":{"line":63,"column":51}},{"start":{"line":63,"column":55},"end":{"line":63,"column":56}}],"line":63},"5":{"loc":{"start":{"line":106,"column":4},"end":{"line":113,"column":5}},"type":"if","locations":[{"start":{"line":106,"column":4},"end":{"line":113,"column":5}},{"start":{},"end":{}}],"line":106},"6":{"loc":{"start":{"line":107,"column":24},"end":{"line":107,"column":59}},"type":"cond-expr","locations":[{"start":{"line":107,"column":46},"end":{"line":107,"column":50}},{"start":{"line":107,"column":53},"end":{"line":107,"column":59}}],"line":107},"7":{"loc":{"start":{"line":109,"column":8},"end":{"line":111,"column":9}},"type":"if","locations":[{"start":{"line":109,"column":8},"end":{"line":111,"column":9}},{"start":{},"end":{}}],"line":109},"8":{"loc":{"start":{"line":122,"column":4},"end":{"line":123,"column":58}},"type":"if","locations":[{"start":{"line":122,"column":4},"end":{"line":123,"column":58}},{"start":{},"end":{}}],"line":122}},"s":{"0":1,"1":1,"2":2,"3":1,"4":1,"5":1,"6":0,"7":1,"8":2,"9":1,"10":1,"11":1,"12":2,"13":2,"14":2,"15":2,"16":2,"17":0,"18":0,"19":0,"20":0,"21":0,"22":0,"23":0,"24":0,"25":0,"26":0,"27":0,"28":0,"29":2,"30":0,"31":0,"32":0,"33":0,"34":0,"35":0,"36":0,"37":0,"38":0,"39":0,"40":0,"41":0,"42":0,"43":1,"44":1,"45":1,"46":1,"47":1,"48":2,"49":2,"50":2,"51":1,"52":1},"f":{"0":1,"1":2,"2":1,"3":0,"4":2,"5":2,"6":0,"7":0,"8":0,"9":0,"10":0,"11":0,"12":0,"13":0,"14":0,"15":1,"16":1,"17":2,"18":2},"b":{"0":[0,2],"1":[2,0,0,0],"2":[0,0],"3":[0,0],"4":[0,0],"5":[1,0],"6":[0,1],"7":[1,0],"8":[1,1]},"_coverageSchema":"1a1c01bbd47fc00a2c39e90264f33305004495a9","hash":"c802352e1541e2f90a8447dc8478dba15cfd6bd5"}
}
