TN:
SF:srv/services.js
FN:5,(anonymous_0)
FN:7,(anonymous_1)
FN:8,(anonymous_2)
FN:11,(anonymous_3)
FN:12,(anonymous_4)
FN:21,(anonymous_5)
FN:34,(anonymous_6)
FN:36,(anonymous_7)
FN:38,(anonymous_8)
FN:41,(anonymous_9)
FN:60,(anonymous_10)
FN:81,(anonymous_11)
FN:83,(anonymous_12)
FN:85,(anonymous_13)
FN:93,(anonymous_14)
FN:105,(anonymous_15)
FN:108,(anonymous_16)
FN:117,(anonymous_17)
FN:120,(anonymous_18)
FNF:19
FNH:9
FNDA:1,(anonymous_0)
FNDA:2,(anonymous_1)
FNDA:1,(anonymous_2)
FNDA:0,(anonymous_3)
FNDA:2,(anonymous_4)
FNDA:2,(anonymous_5)
FNDA:0,(anonymous_6)
FNDA:0,(anonymous_7)
FNDA:0,(anonymous_8)
FNDA:0,(anonymous_9)
FNDA:0,(anonymous_10)
FNDA:0,(anonymous_11)
FNDA:0,(anonymous_12)
FNDA:0,(anonymous_13)
FNDA:0,(anonymous_14)
FNDA:1,(anonymous_15)
FNDA:1,(anonymous_16)
FNDA:2,(anonymous_17)
FNDA:2,(anonymous_18)
DA:1,1
DA:7,2
DA:8,1
DA:9,1
DA:11,1
DA:12,1
DA:13,2
DA:15,1
DA:16,1
DA:18,1
DA:22,2
DA:23,2
DA:24,2
DA:25,2
DA:26,2
DA:31,0
DA:33,0
DA:35,0
DA:37,0
DA:39,0
DA:42,0
DA:49,0
DA:50,0
DA:51,0
DA:52,0
DA:53,0
DA:54,0
DA:57,2
DA:61,0
DA:62,0
DA:63,0
DA:65,0
DA:80,0
DA:82,0
DA:84,0
DA:86,0
DA:93,0
DA:100,0
DA:101,0
DA:102,0
DA:106,1
DA:107,1
DA:108,1
DA:109,1
DA:110,1
DA:118,2
DA:120,2
DA:122,2
DA:123,1
DA:126,1
LF:50
LH:26
BRDA:26,0,0,0
BRDA:26,0,1,2
BRDA:27,1,0,2
BRDA:27,1,1,0
BRDA:27,1,2,0
BRDA:27,1,3,0
BRDA:49,2,0,0
BRDA:49,2,1,0
BRDA:62,3,0,0
BRDA:62,3,1,0
BRDA:63,4,0,0
BRDA:63,4,1,0
BRDA:106,5,0,1
BRDA:106,5,1,0
BRDA:107,6,0,0
BRDA:107,6,1,1
BRDA:109,7,0,1
BRDA:109,7,1,0
BRDA:122,8,0,1
BRDA:122,8,1,1
BRF:20
BRH:7
end_of_record
